[Fri, 08 Jan 2021 16:13:13 +0000]Initializing
[Fri, 08 Jan 2021 16:13:13 +0000]Creating backup file
[Fri, 08 Jan 2021 16:13:13 +0000]Selecting tables
[Fri, 08 Jan 2021 16:13:13 +0000]Handling table `admin_passwords` [87].
[Fri, 08 Jan 2021 16:13:13 +0000]-SELECT * FROM `admin_passwords` LIMIT 0, 44385
[Fri, 08 Jan 2021 16:13:13 +0000]Handling table `admin_system_messages` [1].
[Fri, 08 Jan 2021 16:13:13 +0000]-SELECT * FROM `admin_system_messages` LIMIT 0, 513
[Fri, 08 Jan 2021 16:13:13 +0000]Handling table `admin_user` [17].
[Fri, 08 Jan 2021 16:13:13 +0000]-SELECT * FROM `admin_user` LIMIT 0, 1742
[Fri, 08 Jan 2021 16:13:13 +0000]Handling table `admin_user_session` [914].
[Fri, 08 Jan 2021 16:13:13 +0000]-SELECT * FROM `admin_user_session` LIMIT 0, 66577
[Fri, 08 Jan 2021 16:13:13 +0000]Handling table `adminnotification_inbox` [352].
[Fri, 08 Jan 2021 16:13:13 +0000]-SELECT * FROM `adminnotification_inbox` LIMIT 0, 20022
[Fri, 08 Jan 2021 16:13:13 +0000]Handling table `authorization_role` [18].
[Fri, 08 Jan 2021 16:13:13 +0000]-SELECT * FROM `authorization_role` LIMIT 0, 9209
[Fri, 08 Jan 2021 16:13:13 +0000]Handling table `authorization_rule` [1 563].
[Fri, 08 Jan 2021 16:13:13 +0000]-SELECT * FROM `authorization_rule` LIMIT 0, 99865
[Fri, 08 Jan 2021 16:13:13 +0000]Handling table `bridgeconnector_failed_login` [1].
[Fri, 08 Jan 2021 16:13:13 +0000]-SELECT * FROM `bridgeconnector_failed_login` LIMIT 0, 513
[Fri, 08 Jan 2021 16:13:13 +0000]Handling table `bridgeconnector_session_keys` [1].
[Fri, 08 Jan 2021 16:13:13 +0000]-SELECT * FROM `bridgeconnector_session_keys` LIMIT 0, 513
[Fri, 08 Jan 2021 16:13:13 +0000]Handling table `catalog_category_entity` [739].
[Fri, 08 Jan 2021 16:13:13 +0000]-SELECT * FROM `catalog_category_entity` LIMIT 0, 94255
[Fri, 08 Jan 2021 16:13:13 +0000]Handling table `catalog_category_entity_datetime` [597].
[Fri, 08 Jan 2021 16:13:13 +0000]-SELECT * FROM `catalog_category_entity_datetime` LIMIT 0, 101069
[Fri, 08 Jan 2021 16:13:13 +0000]Handling table `catalog_category_entity_decimal` [185].
[Fri, 08 Jan 2021 16:13:13 +0000]-SELECT * FROM `catalog_category_entity_decimal` LIMIT 0, 94255
[Fri, 08 Jan 2021 16:13:13 +0000]Handling table `catalog_category_entity_int` [2 965].
[Fri, 08 Jan 2021 16:13:13 +0000]-SELECT * FROM `catalog_category_entity_int` LIMIT 0, 167773
[Fri, 08 Jan 2021 16:13:13 +0000]Handling table `catalog_category_entity_text` [1 168].
[Fri, 08 Jan 2021 16:13:13 +0000]-SELECT * FROM `catalog_category_entity_text` LIMIT 0, 118150
[Fri, 08 Jan 2021 16:13:13 +0000]Handling table `catalog_category_entity_varchar` [3 060].
[Fri, 08 Jan 2021 16:13:13 +0000]-SELECT * FROM `catalog_category_entity_varchar` LIMIT 0, 129057
[Fri, 08 Jan 2021 16:13:13 +0000]Handling table `catalog_category_product` [12 456].
[Fri, 08 Jan 2021 16:13:13 +0000]-SELECT * FROM `catalog_category_product` LIMIT 0, 65537
[Fri, 08 Jan 2021 16:13:13 +0000]Handling table `catalog_category_product_index` [26 101].
[Fri, 08 Jan 2021 16:13:14 +0000]-SELECT * FROM `catalog_category_product_index` LIMIT 0, 102301
[Fri, 08 Jan 2021 16:13:14 +0000]Handling table `catalog_category_product_index_tmp` [0].
[Fri, 08 Jan 2021 16:13:14 +0000]Handling table `catalog_compare_item` [423].
[Fri, 08 Jan 2021 16:13:14 +0000]-SELECT * FROM `catalog_compare_item` LIMIT 0, 71699
[Fri, 08 Jan 2021 16:13:14 +0000]Handling table `catalog_eav_attribute` [209].
[Fri, 08 Jan 2021 16:13:14 +0000]-SELECT * FROM `catalog_eav_attribute` LIMIT 0, 35546
[Fri, 08 Jan 2021 16:13:14 +0000]Handling table `catalog_product_bundle_option` [0].
[Fri, 08 Jan 2021 16:13:14 +0000]Handling table `catalog_product_bundle_option_value` [0].
[Fri, 08 Jan 2021 16:13:14 +0000]Handling table `catalog_product_bundle_price_index` [0].
[Fri, 08 Jan 2021 16:13:14 +0000]Handling table `catalog_product_bundle_selection` [0].
[Fri, 08 Jan 2021 16:13:14 +0000]Handling table `catalog_product_bundle_selection_price` [0].
[Fri, 08 Jan 2021 16:13:14 +0000]Handling table `catalog_product_bundle_stock_index` [0].
[Fri, 08 Jan 2021 16:13:14 +0000]Handling table `catalog_product_entity` [7 857].
[Fri, 08 Jan 2021 16:13:14 +0000]-SELECT * FROM `catalog_product_entity` LIMIT 0, 129057
[Fri, 08 Jan 2021 16:13:14 +0000]Handling table `catalog_product_entity_datetime` [6 194].
[Fri, 08 Jan 2021 16:13:14 +0000]-SELECT * FROM `catalog_product_entity_datetime` LIMIT 0, 209716
[Fri, 08 Jan 2021 16:13:14 +0000]Handling table `catalog_product_entity_decimal` [23 004].
[Fri, 08 Jan 2021 16:13:14 +0000]-SELECT * FROM `catalog_product_entity_decimal` LIMIT 0, 119838
[Fri, 08 Jan 2021 16:13:14 +0000]Handling table `catalog_product_entity_gallery` [0].
[Fri, 08 Jan 2021 16:13:14 +0000]Handling table `catalog_product_entity_int` [73 081].
[Fri, 08 Jan 2021 16:13:14 +0000]-SELECT * FROM `catalog_product_entity_int` LIMIT 0, 164484
[Fri, 08 Jan 2021 16:13:14 +0000]Handling table `catalog_product_entity_media_gallery` [10 913].
[Fri, 08 Jan 2021 16:13:15 +0000]-SELECT * FROM `catalog_product_entity_media_gallery` LIMIT 0, 57457
[Fri, 08 Jan 2021 16:13:15 +0000]Handling table `catalog_product_entity_media_gallery_value` [3 454].
[Fri, 08 Jan 2021 16:13:15 +0000]-SELECT * FROM `catalog_product_entity_media_gallery_value` LIMIT 0, 158277
[Fri, 08 Jan 2021 16:13:15 +0000]Handling table `catalog_product_entity_media_gallery_value_to_entity` [9 837].
[Fri, 08 Jan 2021 16:13:15 +0000]-SELECT * FROM `catalog_product_entity_media_gallery_value_to_entity` LIMIT 0, 56300
[Fri, 08 Jan 2021 16:13:15 +0000]Handling table `catalog_product_entity_media_gallery_value_video` [0].
[Fri, 08 Jan 2021 16:13:15 +0000]Handling table `catalog_product_entity_text` [47 032].
[Fri, 08 Jan 2021 16:13:15 +0000]-SELECT * FROM `catalog_product_entity_text` LIMIT 0, 14718
[Fri, 08 Jan 2021 16:13:15 +0000]-SELECT * FROM catalog_product_entity_text LIMIT 14718, 14718
[Fri, 08 Jan 2021 16:13:15 +0000]-SELECT * FROM catalog_product_entity_text LIMIT 29436, 14718
[Fri, 08 Jan 2021 16:13:15 +0000]-SELECT * FROM catalog_product_entity_text LIMIT 44154, 14718
[Fri, 08 Jan 2021 16:13:15 +0000]Handling table `catalog_product_entity_tier_price` [109 787].
[Fri, 08 Jan 2021 16:13:16 +0000]-SELECT * FROM `catalog_product_entity_tier_price` LIMIT 0, 133154
[Fri, 08 Jan 2021 16:13:17 +0000]Handling table `catalog_product_entity_varchar` [211 881].
[Fri, 08 Jan 2021 16:13:17 +0000]-SELECT * FROM `catalog_product_entity_varchar` LIMIT 0, 135301
[Fri, 08 Jan 2021 16:13:18 +0000]-SELECT * FROM catalog_product_entity_varchar LIMIT 135301, 135301
[Fri, 08 Jan 2021 16:13:18 +0000]Handling table `catalog_product_index_eav` [28 844].
[Fri, 08 Jan 2021 16:13:19 +0000]-SELECT * FROM `catalog_product_index_eav` LIMIT 0, 66053
[Fri, 08 Jan 2021 16:13:19 +0000]Handling table `catalog_product_index_eav_decimal` [0].
[Fri, 08 Jan 2021 16:13:19 +0000]Handling table `catalog_product_index_eav_decimal_idx` [0].
[Fri, 08 Jan 2021 16:13:19 +0000]Handling table `catalog_product_index_eav_decimal_tmp` [0].
[Fri, 08 Jan 2021 16:13:19 +0000]Handling table `catalog_product_index_eav_idx` [36 783].
[Fri, 08 Jan 2021 16:13:19 +0000]-SELECT * FROM `catalog_product_index_eav_idx` LIMIT 0, 87382
[Fri, 08 Jan 2021 16:13:19 +0000]Handling table `catalog_product_index_eav_tmp` [10].
[Fri, 08 Jan 2021 16:13:19 +0000]-SELECT * FROM `catalog_product_index_eav_tmp` LIMIT 0, 466035
[Fri, 08 Jan 2021 16:13:19 +0000]Handling table `catalog_product_index_price` [30 597].
[Fri, 08 Jan 2021 16:13:19 +0000]-SELECT * FROM `catalog_product_index_price` LIMIT 0, 96422
[Fri, 08 Jan 2021 16:13:19 +0000]Handling table `catalog_product_index_price_bundle_idx` [0].
[Fri, 08 Jan 2021 16:13:19 +0000]Handling table `catalog_product_index_price_bundle_opt_idx` [0].
[Fri, 08 Jan 2021 16:13:19 +0000]Handling table `catalog_product_index_price_bundle_opt_tmp` [0].
[Fri, 08 Jan 2021 16:13:19 +0000]Handling table `catalog_product_index_price_bundle_sel_idx` [0].
[Fri, 08 Jan 2021 16:13:19 +0000]Handling table `catalog_product_index_price_bundle_sel_tmp` [0].
[Fri, 08 Jan 2021 16:13:19 +0000]Handling table `catalog_product_index_price_bundle_tmp` [0].
[Fri, 08 Jan 2021 16:13:19 +0000]Handling table `catalog_product_index_price_cfg_opt_agr_idx` [0].
[Fri, 08 Jan 2021 16:13:19 +0000]Handling table `catalog_product_index_price_cfg_opt_agr_tmp` [0].
[Fri, 08 Jan 2021 16:13:19 +0000]Handling table `catalog_product_index_price_cfg_opt_idx` [0].
[Fri, 08 Jan 2021 16:13:19 +0000]Handling table `catalog_product_index_price_cfg_opt_tmp` [0].
[Fri, 08 Jan 2021 16:13:19 +0000]Handling table `catalog_product_index_price_downlod_idx` [0].
[Fri, 08 Jan 2021 16:13:19 +0000]Handling table `catalog_product_index_price_downlod_tmp` [0].
[Fri, 08 Jan 2021 16:13:19 +0000]Handling table `catalog_product_index_price_final_idx` [0].
[Fri, 08 Jan 2021 16:13:19 +0000]Handling table `catalog_product_index_price_final_tmp` [0].
[Fri, 08 Jan 2021 16:13:19 +0000]Handling table `catalog_product_index_price_idx` [27 222].
[Fri, 08 Jan 2021 16:13:20 +0000]-SELECT * FROM `catalog_product_index_price_idx` LIMIT 0, 86481
[Fri, 08 Jan 2021 16:13:20 +0000]get_sql_cancel
